<?xml version="1.0" encoding="UTF-8"?>
<!-- Generated by org.testng.reporters.JUnitReportReporter -->
<testsuite hostname="DESKTOP-QEKBC0I" failures="0" tests="1" name="com.ui.tests.LoginTest" time="14.930" errors="0" timestamp="2025-07-02T06:35:14 AEST" skipped="0">
  <testcase classname="com.ui.tests.LoginTest" name="loginTest" time="14.930"/>
</testsuite> <!-- com.ui.tests.LoginTest -->
